Error parsing '/home/vonkovi/ros2_humble/src/ee106s25/package.xml':
Traceback (most recent call last):
  File "/opt/ros/rolling/share/ament_cmake_core/cmake/core/package_xml_2_cmake.py", line 150, in <module>
    main()
  File "/opt/ros/rolling/share/ament_cmake_core/cmake/core/package_xml_2_cmake.py", line 53, in main
    raise e
  File "/opt/ros/rolling/share/ament_cmake_core/cmake/core/package_xml_2_cmake.py", line 49, in main
    package = parse_package_string(
              ^^^^^^^^^^^^^^^^^^^^^
  File "/usr/lib/python3/dist-packages/catkin_pkg/package.py", line 719, in parse_package_string
    export_node = _get_optional_node(root, 'export', filename)
                  ^^^^^^^^^^^^^^^^^^^^^^^^^^^^^^^^^^^^^^^^^^^^
  File "/usr/lib/python3/dist-packages/catkin_pkg/package.py", line 807, in _get_optional_node
    raise InvalidPackage('The manifest must not contain more than one "%s" tags' % tagname, filename)
catkin_pkg.package.InvalidPackage: Error(s) in package '/home/vonkovi/ros2_humble/src/ee106s25/package.xml':
The manifest must not contain more than one "export" tags
[31mCMake Error at /opt/ros/rolling/share/ament_cmake_core/cmake/core/ament_package_xml.cmake:95 (message):
  execute_process(/usr/bin/python3
  /opt/ros/rolling/share/ament_cmake_core/cmake/core/package_xml_2_cmake.py
  /home/vonkovi/ros2_humble/src/ee106s25/package.xml
  /home/vonkovi/ros2_humble/build/ee106s25/ament_cmake_core/package.cmake)
  returned error code 1
Call Stack (most recent call first):
  /opt/ros/rolling/share/ament_cmake_core/cmake/core/ament_package_xml.cmake:49 (_ament_package_xml)
  /opt/ros/rolling/share/rosidl_cmake/cmake/rosidl_generate_interfaces.cmake:220 (ament_package_xml)
  CMakeLists.txt:14 (rosidl_generate_interfaces)

[0m
