[0.007s] Invoking command in '/home/vonkovi/ros2_humble/build/ee106s25': DEBUGINFOD_URLS=https://debuginfod.ubuntu.com /usr/bin/cmake /home/vonkovi/ros2_humble/src/ee106s25 -DCMAKE_INSTALL_PREFIX=/home/vonkovi/ros2_humble/install/ee106s25
[0.057s] -- The C compiler identification is GNU 13.3.0
[0.114s] -- The CXX compiler identification is GNU 13.3.0
[0.138s] -- Detecting C compiler ABI info
[0.302s] -- Detecting C compiler ABI info - done
[0.315s] -- Check for working C compiler: /usr/bin/cc - skipped
[0.315s] -- Detecting C compile features
[0.315s] -- Detecting C compile features - done
[0.324s] -- Detecting CXX compiler ABI info
[0.441s] -- Detecting CXX compiler ABI info - done
[0.448s] -- Check for working CXX compiler: /usr/bin/c++ - skipped
[0.449s] -- Detecting CXX compile features
[0.449s] -- Detecting CXX compile features - done
[0.450s] -- Found ament_cmake: 2.7.2 (/opt/ros/rolling/share/ament_cmake/cmake)
[0.562s] -- Found Python3: /usr/bin/python3 (found version "3.12.3") found components: Interpreter 
[0.628s] -- Found rclpy: 9.0.0 (/opt/ros/rolling/share/rclpy/cmake)
[0.629s] -- Found std_msgs: 5.5.0 (/opt/ros/rolling/share/std_msgs/cmake)
[0.651s] -- Found rosidl_generator_c: 4.9.3 (/opt/ros/rolling/share/rosidl_generator_c/cmake)
[0.659s] -- Found rosidl_generator_cpp: 4.9.3 (/opt/ros/rolling/share/rosidl_generator_cpp/cmake)
[0.669s] -- Using all available rosidl_typesupport_c: rosidl_typesupport_fastrtps_c;rosidl_typesupport_introspection_c
[0.680s] -- Using all available rosidl_typesupport_cpp: rosidl_typesupport_fastrtps_cpp;rosidl_typesupport_introspection_cpp
[0.700s] -- Found rosidl_default_generators: 1.7.1 (/opt/ros/rolling/share/rosidl_default_generators/cmake)
[0.708s] -- Found rosidl_adapter: 4.9.3 (/opt/ros/rolling/share/rosidl_adapter/cmake)
[0.917s] Error parsing '/home/vonkovi/ros2_humble/src/ee106s25/package.xml':
[1.708s] Traceback (most recent call last):
[1.708s]   File "/opt/ros/rolling/share/ament_cmake_core/cmake/core/package_xml_2_cmake.py", line 150, in <module>
[1.708s]     main()
[1.708s]   File "/opt/ros/rolling/share/ament_cmake_core/cmake/core/package_xml_2_cmake.py", line 53, in main
[1.708s]     raise e
[1.708s]   File "/opt/ros/rolling/share/ament_cmake_core/cmake/core/package_xml_2_cmake.py", line 49, in main
[1.708s]     package = parse_package_string(
[1.709s]               ^^^^^^^^^^^^^^^^^^^^^
[1.709s]   File "/usr/lib/python3/dist-packages/catkin_pkg/package.py", line 719, in parse_package_string
[1.709s]     export_node = _get_optional_node(root, 'export', filename)
[1.709s]                   ^^^^^^^^^^^^^^^^^^^^^^^^^^^^^^^^^^^^^^^^^^^^
[1.709s]   File "/usr/lib/python3/dist-packages/catkin_pkg/package.py", line 807, in _get_optional_node
[1.709s]     raise InvalidPackage('The manifest must not contain more than one "%s" tags' % tagname, filename)
[1.709s] catkin_pkg.package.InvalidPackage: Error(s) in package '/home/vonkovi/ros2_humble/src/ee106s25/package.xml':
[1.709s] The manifest must not contain more than one "export" tags
[1.731s] [31mCMake Error at /opt/ros/rolling/share/ament_cmake_core/cmake/core/ament_package_xml.cmake:95 (message):
[1.731s]   execute_process(/usr/bin/python3
[1.731s]   /opt/ros/rolling/share/ament_cmake_core/cmake/core/package_xml_2_cmake.py
[1.731s]   /home/vonkovi/ros2_humble/src/ee106s25/package.xml
[1.731s]   /home/vonkovi/ros2_humble/build/ee106s25/ament_cmake_core/package.cmake)
[1.731s]   returned error code 1
[1.731s] Call Stack (most recent call first):
[1.731s]   /opt/ros/rolling/share/ament_cmake_core/cmake/core/ament_package_xml.cmake:49 (_ament_package_xml)
[1.731s]   /opt/ros/rolling/share/rosidl_cmake/cmake/rosidl_generate_interfaces.cmake:220 (ament_package_xml)
[1.731s]   CMakeLists.txt:14 (rosidl_generate_interfaces)
[1.731s] 
[1.731s] [0m
[1.731s] -- Configuring incomplete, errors occurred!
[1.735s] Invoked command in '/home/vonkovi/ros2_humble/build/ee106s25' returned '1': DEBUGINFOD_URLS=https://debuginfod.ubuntu.com /usr/bin/cmake /home/vonkovi/ros2_humble/src/ee106s25 -DCMAKE_INSTALL_PREFIX=/home/vonkovi/ros2_humble/install/ee106s25
